<?xml version="1.0" encoding="UTF-8"?>
<!-- Generated by org.testng.reporters.JUnitReportReporter -->
<testsuite hostname="P5-GL85N62" name="selineum.June25.NewTest25" tests="1" failures="0" timestamp="25 Jun 2018 10:47:03 GMT" time="5.630" errors="0">
  <testcase name="login" time="5.630" classname="selineum.June25.NewTest25"/>
</testsuite> <!-- selineum.June25.NewTest25 -->
